# JRE version: Java(TM) SE Runtime Environment (8.0_111-b14) (build 1.8.0_111-b14)
# Java VM: Java HotSpot(TM) 64-Bit Server VM (25.111-b14 mixed mode windows-amd64 compressed oops)
Heap:
 PSYoungGen      total 71168K, used 9757K [0x00000000d8380000, 0x00000000e1080000, 0x0000000100000000)
  eden space 61440K, 15% used [0x00000000d8380000,0x00000000d8d075d8,0x00000000dbf80000)
  from space 9728K, 0% used [0x00000000dbf80000,0x00000000dbf80000,0x00000000dc900000)
  to   space 10752K, 0% used [0x00000000e0600000,0x00000000e0600000,0x00000000e1080000)
 ParOldGen       total 61440K, used 14014K [0x0000000088a00000, 0x000000008c600000, 0x00000000d8380000)
  object space 61440K, 22% used [0x0000000088a00000,0x00000000897af908,0x000000008c600000)
 Metaspace       used 22211K, capacity 22874K, committed 22960K, reserved 1069056K
  class space    used 2591K, capacity 2747K, committed 2816K, reserved 1048576K
GC Heap History (10 events):
Event: 8.305 GC heap before
{Heap before GC invocations=4 (full 0):
 PSYoungGen      total 35840K, used 35816K [0x00000000d8380000, 0x00000000dab80000, 0x0000000100000000)
  eden space 30720K, 100% used [0x00000000d8380000,0x00000000da180000,0x00000000da180000)
  from space 5120K, 99% used [0x00000000da180000,0x00000000da67a040,0x00000000da680000)
  to   space 5120K, 0% used [0x00000000da680000,0x00000000da680000,0x00000000dab80000)
 ParOldGen       total 81920K, used 3824K [0x0000000088a00000, 0x000000008da00000, 0x00000000d8380000)
  object space 81920K, 4% used [0x0000000088a00000,0x0000000088dbc3d0,0x000000008da00000)
 Metaspace       used 15184K, capacity 15570K, committed 15872K, reserved 1062912K
  class space    used 1860K, capacity 1953K, committed 2048K, reserved 1048576K
Event: 8.454 GC heap after
Heap after GC invocations=4 (full 0):
 PSYoungGen      total 35840K, used 5112K [0x00000000d8380000, 0x00000000dc980000, 0x0000000100000000)
  eden space 30720K, 0% used [0x00000000d8380000,0x00000000d8380000,0x00000000da180000)
  from space 5120K, 99% used [0x00000000da680000,0x00000000dab7e010,0x00000000dab80000)
  to   space 5120K, 0% used [0x00000000da180000,0x00000000da180000,0x00000000da680000)
 ParOldGen       total 81920K, used 6436K [0x0000000088a00000, 0x000000008da00000, 0x00000000d8380000)
  object space 81920K, 7% used [0x0000000088a00000,0x0000000089049030,0x000000008da00000)
 Metaspace       used 15184K, capacity 15570K, committed 15872K, reserved 1062912K
  class space    used 1860K, capacity 1953K, committed 2048K, reserved 1048576K
}
Event: 11.112 GC heap before
{Heap before GC invocations=5 (full 0):
 PSYoungGen      total 35840K, used 35832K [0x00000000d8380000, 0x00000000dc980000, 0x0000000100000000)
  eden space 30720K, 100% used [0x00000000d8380000,0x00000000da180000,0x00000000da180000)
  from space 5120K, 99% used [0x00000000da680000,0x00000000dab7e010,0x00000000dab80000)
  to   space 5120K, 0% used [0x00000000da180000,0x00000000da180000,0x00000000da680000)
 ParOldGen       total 81920K, used 6436K [0x0000000088a00000, 0x000000008da00000, 0x00000000d8380000)
  object space 81920K, 7% used [0x0000000088a00000,0x0000000089049030,0x000000008da00000)
 Metaspace       used 15636K, capacity 16062K, committed 16384K, reserved 1062912K
  class space    used 1884K, capacity 1993K, committed 2048K, reserved 1048576K
Event: 11.145 GC heap after
Heap after GC invocations=5 (full 0):
 PSYoungGen      total 35840K, used 5112K [0x00000000d8380000, 0x00000000dd280000, 0x0000000100000000)
  eden space 30720K, 0% used [0x00000000d8380000,0x00000000d8380000,0x00000000da180000)
  from space 5120K, 99% used [0x00000000da180000,0x00000000da67e050,0x00000000da680000)
  to   space 9728K, 0% used [0x00000000dc900000,0x00000000dc900000,0x00000000dd280000)
 ParOldGen       total 81920K, used 8922K [0x0000000088a00000, 0x000000008da00000, 0x00000000d8380000)
  object space 81920K, 10% used [0x0000000088a00000,0x00000000892b6aa8,0x000000008da00000)
 Metaspace       used 15636K, capacity 16062K, committed 16384K, reserved 1062912K
  class space    used 1884K, capacity 1993K, committed 2048K, reserved 1048576K
}
Event: 14.244 GC heap before
{Heap before GC invocations=6 (full 0):
 PSYoungGen      total 35840K, used 35832K [0x00000000d8380000, 0x00000000dd280000, 0x0000000100000000)
  eden space 30720K, 100% used [0x00000000d8380000,0x00000000da180000,0x00000000da180000)
  from space 5120K, 99% used [0x00000000da180000,0x00000000da67e050,0x00000000da680000)
  to   space 9728K, 0% used [0x00000000dc900000,0x00000000dc900000,0x00000000dd280000)
 ParOldGen       total 81920K, used 8922K [0x0000000088a00000, 0x000000008da00000, 0x00000000d8380000)
  object space 81920K, 10% used [0x0000000088a00000,0x00000000892b6aa8,0x000000008da00000)
 Metaspace       used 17141K, capacity 17646K, committed 17920K, reserved 1064960K
  class space    used 2062K, capacity 2201K, committed 2304K, reserved 1048576K
Event: 14.283 GC heap after
Heap after GC invocations=6 (full 0):
 PSYoungGen      total 71168K, used 7989K [0x00000000d8380000, 0x00000000dd280000, 0x0000000100000000)
  eden space 61440K, 0% used [0x00000000d8380000,0x00000000d8380000,0x00000000dbf80000)
  from space 9728K, 82% used [0x00000000dc900000,0x00000000dd0cd550,0x00000000dd280000)
  to   space 9728K, 0% used [0x00000000dbf80000,0x00000000dbf80000,0x00000000dc900000)
 ParOldGen       total 81920K, used 8930K [0x0000000088a00000, 0x000000008da00000, 0x00000000d8380000)
  object space 81920K, 10% used [0x0000000088a00000,0x00000000892b8aa8,0x000000008da00000)
 Metaspace       used 17141K, capacity 17646K, committed 17920K, reserved 1064960K
  class space    used 2062K, capacity 2201K, committed 2304K, reserved 1048576K
}
Event: 19.616 GC heap before
{Heap before GC invocations=7 (full 0):
 PSYoungGen      total 71168K, used 53319K [0x00000000d8380000, 0x00000000dd280000, 0x0000000100000000)
  eden space 61440K, 73% used [0x00000000d8380000,0x00000000dafc4750,0x00000000dbf80000)
  from space 9728K, 82% used [0x00000000dc900000,0x00000000dd0cd550,0x00000000dd280000)
  to   space 9728K, 0% used [0x00000000dbf80000,0x00000000dbf80000,0x00000000dc900000)
 ParOldGen       total 81920K, used 8930K [0x0000000088a00000, 0x000000008da00000, 0x00000000d8380000)
  object space 81920K, 10% used [0x0000000088a00000,0x00000000892b8aa8,0x000000008da00000)
 Metaspace       used 20477K, capacity 21058K, committed 21296K, reserved 1069056K
  class space    used 2408K, capacity 2567K, committed 2688K, reserved 1048576K
Event: 19.659 GC heap after
Heap after GC invocations=7 (full 0):
 PSYoungGen      total 71168K, used 9449K [0x00000000d8380000, 0x00000000e1080000, 0x0000000100000000)
  eden space 61440K, 0% used [0x00000000d8380000,0x00000000d8380000,0x00000000dbf80000)
  from space 9728K, 97% used [0x00000000dbf80000,0x00000000dc8ba760,0x00000000dc900000)
  to   space 10752K, 0% used [0x00000000e0600000,0x00000000e0600000,0x00000000e1080000)
 ParOldGen       total 81920K, used 10546K [0x0000000088a00000, 0x000000008da00000, 0x00000000d8380000)
  object space 81920K, 12% used [0x0000000088a00000,0x000000008944cb08,0x000000008da00000)
 Metaspace       used 20477K, capacity 21058K, committed 21296K, reserved 1069056K
  class space    used 2408K, capacity 2567K, committed 2688K, reserved 1048576K
}
Event: 19.659 GC heap before
{Heap before GC invocations=8 (full 1):
 PSYoungGen      total 71168K, used 9449K [0x00000000d8380000, 0x00000000e1080000, 0x0000000100000000)
  eden space 61440K, 0% used [0x00000000d8380000,0x00000000d8380000,0x00000000dbf80000)
  from space 9728K, 97% used [0x00000000dbf80000,0x00000000dc8ba760,0x00000000dc900000)
  to   space 10752K, 0% used [0x00000000e0600000,0x00000000e0600000,0x00000000e1080000)
 ParOldGen       total 81920K, used 10546K [0x0000000088a00000, 0x000000008da00000, 0x00000000d8380000)
  object space 81920K, 12% used [0x0000000088a00000,0x000000008944cb08,0x000000008da00000)
 Metaspace       used 20477K, capacity 21058K, committed 21296K, reserved 1069056K
  class space    used 2408K, capacity 2567K, committed 2688K, reserved 1048576K
Event: 19.862 GC heap after
Heap after GC invocations=8 (full 1):
 PSYoungGen      total 71168K, used 0K [0x00000000d8380000, 0x00000000e1080000, 0x0000000100000000)
  eden space 61440K, 0% used [0x00000000d8380000,0x00000000d8380000,0x00000000dbf80000)
  from space 9728K, 0% used [0x00000000dbf80000,0x00000000dbf80000,0x00000000dc900000)
  to   space 10752K, 0% used [0x00000000e0600000,0x00000000e0600000,0x00000000e1080000)
 ParOldGen       total 61440K, used 14014K [0x0000000088a00000, 0x000000008c600000, 0x00000000d8380000)
  object space 61440K, 22% used [0x0000000088a00000,0x00000000897af908,0x000000008c600000)
 Metaspace       used 20477K, capacity 21058K, committed 21296K, reserved 1069056K
  class space    used 2408K, capacity 2567K, committed 2688K, reserved 1048576K
}

